<?xml version="1.0" encoding="UTF-8"?>
<testng-results skipped="0" failed="0" total="0" passed="0">
  <reporter-output>
  </reporter-output>
  <suite name="com.test.POM.AppTest" duration-ms="4" started-at="2019-01-13T02:23:32Z" finished-at="2019-01-13T02:23:32Z">
    <groups>
    </groups>
    <test name="Command line test" duration-ms="4" started-at="2019-01-13T02:23:32Z" finished-at="2019-01-13T02:23:32Z">
    </test> <!-- Command line test -->
  </suite> <!-- com.test.POM.AppTest -->
</testng-results>
